<?xml version="1.0" encoding="UTF-8"?>
<testsuite name="ResistorColorTest" tests="4" skipped="0" failures="0" errors="0" timestamp="2023-06-26T16:52:55" hostname="LAPTOP-3ANQ172A" time="0.106">
  <properties/>
  <testcase name="testWhiteColorCode" classname="ResistorColorTest" time="0.085"/>
  <testcase name="testColors" classname="ResistorColorTest" time="0.02"/>
  <testcase name="testBlackColorCode" classname="ResistorColorTest" time="0.0"/>
  <testcase name="testOrangeColorCode" classname="ResistorColorTest" time="0.001"/>
  <system-out><![CDATA[]]></system-out>
  <system-err><![CDATA[]]></system-err>
</testsuite>
